Exception at PC 0x00007FFB1E8C4008
Exception at PC 0x00007FFB1E8C4008
Exception at PC 0x00007FFB1E8C4008
Exception at PC 0x00007FFB1E8C4008
Exception at PC 0x00007FFA8B9CE132
Attemped to write at address 0x00007FFB0F244AA4
Printing stacktrace...

[0]  [0x00007FFA8B9CE132]
[1]  [0x00007FFA8B9CE132]
[2]  [0x00007FFA8B9CE194]
[3]  [0x00007FFA8B61D0D7]
[4]  [0x00007FFA8B502BCA]
[5]  [0x00007FFA8B502FD1]
[6]  [0x00007FFA8B9CEB2F]
[7]  [0x00007FFA8B88C19D]
[8]  [0x00007FFA8B885942]
[9]  [0x00007FFA8B885AB5]
[10] (RtlDeactivateActivationContextUnsafeFast+0x1b3) [0x00007FFB21661493]
[11] (LdrShutdownProcess+0x125) [0x00007FFB216906B5]
[12] (RtlExitUserProcess+0xb4) [0x00007FFB21690574]
[13] (ExitProcess+0xa) [0x00007FFB1F30F06A]
[14] (exit+0x75) [0x00007FFB20D19B25]
[15] (initterm_e+0x21d) [0x00007FFB20D1A16D]
[16]  [0x00000000004014CD]
[17]  [0x000000000040151B]
[18] (BaseThreadInitThunk+0x14) [0x00007FFB1F311FE4]
[19] (RtlUserThreadStart+0x21) [0x00007FFB216BEFC1]
Done
