#-----------------------------------------------------------
# Vivado v2016.4 (64-bit)
# SW Build 1756540 on Mon Jan 23 19:11:23 MST 2017
# IP Build 1755317 on Mon Jan 23 20:30:07 MST 2017
# Start of session at: Fri Apr 06 15:25:39 2018
# Process ID: 12732
# Current directory: C:/Users/phild/Documents/GitHub/EE2301-Final-Project/Final_Project
# Command line: vivado.exe -gui_launcher_event rodinguilauncherevent13436 C:\Users\phild\Documents\GitHub\EE2301-Final-Project\Final_Project\Final_Project.xpr
# Log file: C:/Users/phild/Documents/GitHub/EE2301-Final-Project/Final_Project/vivado.log
# Journal file: C:/Users/phild/Documents/GitHub/EE2301-Final-Project/Final_Project\vivado.jou
#-----------------------------------------------------------
start_gui
open_project C:/Users/phild/Documents/GitHub/EE2301-Final-Project/Final_Project/Final_Project.xpr
INFO: [Project 1-313] Project file moved from 'C:/Users/H-O-Cally/Documents/GitHub/EE2301-Final-Project/Final_Project' since last save.
Scanning sources...
Finished scanning sources
WARNING: [filemgmt 56-2] IPUserFilesDir: Could not find the directory 'C:/Users/phild/Documents/GitHub/EE2301-Final-Project/Final_Project/Final_Project.ip_user_files', nor could it be found using path 'C:/Users/H-O-Cally/Documents/GitHub/EE2301-Final-Project/Final_Project/Final_Project.ip_user_files'.
INFO: [Project 1-230] Project 'Final_Project.xpr' upgraded for this version of Vivado.
INFO: [IP_Flow 19-234] Refreshing IP repositories
INFO: [IP_Flow 19-1704] No user IP repositories specified
INFO: [IP_Flow 19-2313] Loaded Vivado IP repository 'C:/Xilinx/Vivado/2016.4/data/ip'.
exit
INFO: [Common 17-206] Exiting Vivado at Fri Apr 06 15:37:02 2018...
