#-----------------------------------------------------------
# Vivado v2016.4 (64-bit)
# SW Build 1756540 on Mon Jan 23 19:11:23 MST 2017
# IP Build 1755317 on Mon Jan 23 20:30:07 MST 2017
# Start of session at: Sun Apr 08 15:11:52 2018
# Process ID: 5844
# Current directory: C:/Users/phild/Documents/GitHub/EE2301-Final-Project/Final_Project
# Command line: vivado.exe -gui_launcher_event rodinguilauncherevent9288 C:\Users\phild\Documents\GitHub\EE2301-Final-Project\Final_Project\Final_Project.xpr
# Log file: C:/Users/phild/Documents/GitHub/EE2301-Final-Project/Final_Project/vivado.log
# Journal file: C:/Users/phild/Documents/GitHub/EE2301-Final-Project/Final_Project\vivado.jou
#-----------------------------------------------------------
start_gui
open_project C:/Users/phild/Documents/GitHub/EE2301-Final-Project/Final_Project/Final_Project.xpr
Scanning sources...
Finished scanning sources
WARNING: [filemgmt 56-3] IPUserFilesDir: Could not find the directory 'C:/Users/phild/Documents/GitHub/EE2301-Final-Project/Final_Project/Final_Project.ip_user_files'.
INFO: [IP_Flow 19-234] Refreshing IP repositories
INFO: [IP_Flow 19-1704] No user IP repositories specified
INFO: [IP_Flow 19-2313] Loaded Vivado IP repository 'C:/Xilinx/Vivado/2016.4/data/ip'.
file mkdir C:/Users/phild/Documents/GitHub/EE2301-Final-Project/Final_Project/Final_Project.srcs/sources_1/new
close [ open {C:/Users/phild/Documents/GitHub/EE2301-Final-Project/Final_Project/Final_Project.srcs/sources_1/new/Verilog Design.v} w ]
add_files {{C:/Users/phild/Documents/GitHub/EE2301-Final-Project/Final_Project/Final_Project.srcs/sources_1/new/Verilog Design.v}}
exit
INFO: [Common 17-206] Exiting Vivado at Sun Apr 08 15:13:04 2018...
