#-----------------------------------------------------------
# Vivado v2017.4 (64-bit)
# SW Build 2086221 on Fri Dec 15 20:55:39 MST 2017
# IP Build 2085800 on Fri Dec 15 22:25:07 MST 2017
# Start of session at: Tue Apr 10 13:48:48 2018
# Process ID: 9964
# Current directory: C:/Users/H-O-Cally/Documents/GitHub/EE2301-Final-Project/Final_Project
# Command line: vivado.exe -gui_launcher_event rodinguilauncherevent13500 C:\Users\H-O-Cally\Documents\GitHub\EE2301-Final-Project\Final_Project\Final_Project.xpr
# Log file: C:/Users/H-O-Cally/Documents/GitHub/EE2301-Final-Project/Final_Project/vivado.log
# Journal file: C:/Users/H-O-Cally/Documents/GitHub/EE2301-Final-Project/Final_Project\vivado.jou
#-----------------------------------------------------------
start_gui
open_project C:/Users/H-O-Cally/Documents/GitHub/EE2301-Final-Project/Final_Project/Final_Project.xpr
Scanning sources...
Finished scanning sources
INFO: [IP_Flow 19-234] Refreshing IP repositories
INFO: [IP_Flow 19-1704] No user IP repositories specified
INFO: [IP_Flow 19-2313] Loaded Vivado IP repository 'C:/Xilinx/Vivado/2017.4/data/ip'.
open_project: Time (s): cpu = 00:00:11 ; elapsed = 00:00:06 . Memory (MB): peak = 732.328 ; gain = 28.188
update_compile_order -fileset sources_1
update_compile_order -fileset sim_1
update_compile_order -fileset sim_1
exit
INFO: [Common 17-206] Exiting Vivado at Tue Apr 10 14:58:46 2018...
